Arguments: 
  /Users/huangyanjiao/.nvm/versions/node/v14.15.4/bin/node /Users/huangyanjiao/.nvm/versions/node/v14.15.4/bin/yarn add babel-plugin-module-resolver

PATH: 
  /Users/huangyanjiao/.nvm/versions/node/v14.15.4/bin:/usr/local/bin:/usr/bin:/bin:/usr/sbin:/sbin:/Users/huangyanjiao/.nvm/versions/node/v14.15.4/bin:/Users/huangyanjiao/Documents/code/tutor-gtr/bin:/Users/huangyanjiao/Documents/code/tutor-gtr/bin:/Users/huangyanjiao/Documents/code/tutor-gtr/bin

Yarn version: 
  1.22.4

Node version: 
  14.15.4

Platform: 
  darwin x64

Trace: 
  Error: getaddrinfo ENOTFOUND npm.zhenguanyu.com
      at GetAddrInfoReqWrap.onlookup [as oncomplete] (dns.js:67:26)

npm manifest: 
  {
    "name": "simple-webpack",
    "version": "1.0.0",
    "description": "",
    "main": "index.js",
    "scripts": {
      "test": "echo \"Error: no test specified\" && exit 1",
      "build": "node build.js"
    },
    "repository": {
      "type": "git",
      "url": "git+https://github.com/millionbug/simple-webpack.git"
    },
    "author": "黄小锤",
    "license": "ISC",
    "bugs": {
      "url": "https://github.com/millionbug/simple-webpack/issues"
    },
    "homepage": "https://github.com/millionbug/simple-webpack#readme",
    "dependencies": {
      "@babel/core": "^7.13.8",
      "@babel/generator": "^7.13.9",
      "@babel/parser": "^7.13.9",
      "@babel/plugin-transform-template-literals": "^7.13.0",
      "@babel/preset-react": "^7.12.13",
      "@babel/traverse": "^7.13.0",
      "react": "^17.0.1",
      "react-dom": "^17.0.1",
      "tapable": "^2.2.0"
    },
    "devDependencies": {
      "typescript": "^4.2.3"
    }
  }

yarn manifest: 
  No manifest

Lockfile: 
  # THIS IS AN AUTOGENERATED FILE. DO NOT EDIT THIS FILE DIRECTLY.
  # yarn lockfile v1
  
  
  "@babel/code-frame@^7.12.13":
    version "7.12.13"
    resolved "http://npm.zhenguanyu.com/@babel/code-frame/download/@babel/code-frame-7.12.13.tgz#dcfc826beef65e75c50e21d3837d7d95798dd658"
    integrity sha1-3PyCa+72XnXFDiHTg319lXmN1lg=
    dependencies:
      "@babel/highlight" "^7.12.13"
  
  "@babel/compat-data@^7.13.8":
    version "7.13.8"
    resolved "http://npm.zhenguanyu.com/@babel/compat-data/download/@babel/compat-data-7.13.8.tgz#5b783b9808f15cef71547f1b691f34f8ff6003a6"
    integrity sha1-W3g7mAjxXO9xVH8baR80+P9gA6Y=
  
  "@babel/core@^7.13.8":
    version "7.13.8"
    resolved "http://npm.zhenguanyu.com/@babel/core/download/@babel/core-7.13.8.tgz#c191d9c5871788a591d69ea1dc03e5843a3680fb"
    integrity sha1-wZHZxYcXiKWR1p6h3APlhDo2gPs=
    dependencies:
      "@babel/code-frame" "^7.12.13"
      "@babel/generator" "^7.13.0"
      "@babel/helper-compilation-targets" "^7.13.8"
      "@babel/helper-module-transforms" "^7.13.0"
      "@babel/helpers" "^7.13.0"
      "@babel/parser" "^7.13.4"
      "@babel/template" "^7.12.13"
      "@babel/traverse" "^7.13.0"
      "@babel/types" "^7.13.0"
      convert-source-map "^1.7.0"
      debug "^4.1.0"
      gensync "^1.0.0-beta.2"
      json5 "^2.1.2"
      lodash "^4.17.19"
      semver "^6.3.0"
      source-map "^0.5.0"
  
  "@babel/generator@^7.13.0", "@babel/generator@^7.13.9":
    version "7.13.9"
    resolved "http://npm.zhenguanyu.com/@babel/generator/download/@babel/generator-7.13.9.tgz#3a7aa96f9efb8e2be42d38d80e2ceb4c64d8de39"
    integrity sha1-Onqpb577jivkLTjYDizrTGTY3jk=
    dependencies:
      "@babel/types" "^7.13.0"
      jsesc "^2.5.1"
      source-map "^0.5.0"
  
  "@babel/helper-annotate-as-pure@^7.10.4", "@babel/helper-annotate-as-pure@^7.12.13":
    version "7.12.13"
    resolved "http://npm.zhenguanyu.com/@babel/helper-annotate-as-pure/download/@babel/helper-annotate-as-pure-7.12.13.tgz#0f58e86dfc4bb3b1fcd7db806570e177d439b6ab"
    integrity sha1-D1jobfxLs7H819uAZXDhd9Q5tqs=
    dependencies:
      "@babel/types" "^7.12.13"
  
  "@babel/helper-compilation-targets@^7.13.8":
    version "7.13.8"
    resolved "http://npm.zhenguanyu.com/@babel/helper-compilation-targets/download/@babel/helper-compilation-targets-7.13.8.tgz#02bdb22783439afb11b2f009814bdd88384bd468"
    integrity sha1-Ar2yJ4NDmvsRsvAJgUvdiDhL1Gg=
    dependencies:
      "@babel/compat-data" "^7.13.8"
      "@babel/helper-validator-option" "^7.12.17"
      browserslist "^4.14.5"
      semver "^6.3.0"
  
  "@babel/helper-function-name@^7.12.13":
    version "7.12.13"
    resolved "http://npm.zhenguanyu.com/@babel/helper-function-name/download/@babel/helper-function-name-7.12.13.tgz#93ad656db3c3c2232559fd7b2c3dbdcbe0eb377a"
    integrity sha1-k61lbbPDwiMlWf17LD29y+DrN3o=
    dependencies:
      "@babel/helper-get-function-arity" "^7.12.13"
      "@babel/template" "^7.12.13"
      "@babel/types" "^7.12.13"
  
  "@babel/helper-get-function-arity@^7.12.13":
    version "7.12.13"
    resolved "http://npm.zhenguanyu.com/@babel/helper-get-function-arity/download/@babel/helper-get-function-arity-7.12.13.tgz#bc63451d403a3b3082b97e1d8b3fe5bd4091e583"
    integrity sha1-vGNFHUA6OzCCuX4diz/lvUCR5YM=
    dependencies:
      "@babel/types" "^7.12.13"
  
  "@babel/helper-member-expression-to-functions@^7.13.0":
    version "7.13.0"
    resolved "http://npm.zhenguanyu.com/@babel/helper-member-expression-to-functions/download/@babel/helper-member-expression-to-functions-7.13.0.tgz#6aa4bb678e0f8c22f58cdb79451d30494461b091"
    integrity sha1-aqS7Z44PjCL1jNt5RR0wSURhsJE=
    dependencies:
      "@babel/types" "^7.13.0"
  
  "@babel/helper-module-imports@^7.12.13":
    version "7.12.13"
    resolved "http://npm.zhenguanyu.com/@babel/helper-module-imports/download/@babel/helper-module-imports-7.12.13.tgz#ec67e4404f41750463e455cc3203f6a32e93fcb0"
    integrity sha1-7GfkQE9BdQRj5FXMMgP2oy6T/LA=
    dependencies:
      "@babel/types" "^7.12.13"
  
  "@babel/helper-module-transforms@^7.13.0":
    version "7.13.0"
    resolved "http://npm.zhenguanyu.com/@babel/helper-module-transforms/download/@babel/helper-module-transforms-7.13.0.tgz#42eb4bd8eea68bab46751212c357bfed8b40f6f1"
    integrity sha1-QutL2O6mi6tGdRISw1e/7YtA9vE=
    dependencies:
      "@babel/helper-module-imports" "^7.12.13"
      "@babel/helper-replace-supers" "^7.13.0"
      "@babel/helper-simple-access" "^7.12.13"
      "@babel/helper-split-export-declaration" "^7.12.13"
      "@babel/helper-validator-identifier" "^7.12.11"
      "@babel/template" "^7.12.13"
      "@babel/traverse" "^7.13.0"
      "@babel/types" "^7.13.0"
      lodash "^4.17.19"
  
  "@babel/helper-optimise-call-expression@^7.12.13":
    version "7.12.13"
    resolved "http://npm.zhenguanyu.com/@babel/helper-optimise-call-expression/download/@babel/helper-optimise-call-expression-7.12.13.tgz#5c02d171b4c8615b1e7163f888c1c81c30a2aaea"
    integrity sha1-XALRcbTIYVsecWP4iMHIHDCiquo=
    dependencies:
      "@babel/types" "^7.12.13"
  
  "@babel/helper-plugin-utils@^7.10.4", "@babel/helper-plugin-utils@^7.12.13", "@babel/helper-plugin-utils@^7.13.0":
    version "7.13.0"
    resolved "http://npm.zhenguanyu.com/@babel/helper-plugin-utils/download/@babel/helper-plugin-utils-7.13.0.tgz#806526ce125aed03373bc416a828321e3a6a33af"
    integrity sha1-gGUmzhJa7QM3O8QWqCgyHjpqM68=
  
  "@babel/helper-replace-supers@^7.13.0":
    version "7.13.0"
    resolved "http://npm.zhenguanyu.com/@babel/helper-replace-supers/download/@babel/helper-replace-supers-7.13.0.tgz#6034b7b51943094cb41627848cb219cb02be1d24"
    integrity sha1-YDS3tRlDCUy0FieEjLIZywK+HSQ=
    dependencies:
      "@babel/helper-member-expression-to-functions" "^7.13.0"
      "@babel/helper-optimise-call-expression" "^7.12.13"
      "@babel/traverse" "^7.13.0"
      "@babel/types" "^7.13.0"
  
  "@babel/helper-simple-access@^7.12.13":
    version "7.12.13"
    resolved "http://npm.zhenguanyu.com/@babel/helper-simple-access/download/@babel/helper-simple-access-7.12.13.tgz#8478bcc5cacf6aa1672b251c1d2dde5ccd61a6c4"
    integrity sha1-hHi8xcrPaqFnKyUcHS3eXM1hpsQ=
    dependencies:
      "@babel/types" "^7.12.13"
  
  "@babel/helper-split-export-declaration@^7.12.13":
    version "7.12.13"
    resolved "http://npm.zhenguanyu.com/@babel/helper-split-export-declaration/download/@babel/helper-split-export-declaration-7.12.13.tgz#e9430be00baf3e88b0e13e6f9d4eaf2136372b05"
    integrity sha1-6UML4AuvPoiw4T5vnU6vITY3KwU=
    dependencies:
      "@babel/types" "^7.12.13"
  
  "@babel/helper-validator-identifier@^7.12.11":
    version "7.12.11"
    resolved "http://npm.zhenguanyu.com/@babel/helper-validator-identifier/download/@babel/helper-validator-identifier-7.12.11.tgz#c9a1f021917dcb5ccf0d4e453e399022981fc9ed"
    integrity sha1-yaHwIZF9y1zPDU5FPjmQIpgfye0=
  
  "@babel/helper-validator-option@^7.12.17":
    version "7.12.17"
    resolved "http://npm.zhenguanyu.com/@babel/helper-validator-option/download/@babel/helper-validator-option-7.12.17.tgz#d1fbf012e1a79b7eebbfdc6d270baaf8d9eb9831"
    integrity sha1-0fvwEuGnm37rv9xtJwuq+NnrmDE=
  
  "@babel/helpers@^7.13.0":
    version "7.13.0"
    resolved "http://npm.zhenguanyu.com/@babel/helpers/download/@babel/helpers-7.13.0.tgz#7647ae57377b4f0408bf4f8a7af01c42e41badc0"
    integrity sha1-dkeuVzd7TwQIv0+KevAcQuQbrcA=
    dependencies:
      "@babel/template" "^7.12.13"
      "@babel/traverse" "^7.13.0"
      "@babel/types" "^7.13.0"
  
  "@babel/highlight@^7.12.13":
    version "7.13.8"
    resolved "http://npm.zhenguanyu.com/@babel/highlight/download/@babel/highlight-7.13.8.tgz#10b2dac78526424dfc1f47650d0e415dfd9dc481"
    integrity sha1-ELLax4UmQk38H0dlDQ5BXf2dxIE=
    dependencies:
      "@babel/helper-validator-identifier" "^7.12.11"
      chalk "^2.0.0"
      js-tokens "^4.0.0"
  
  "@babel/parser@^7.12.13", "@babel/parser@^7.13.0", "@babel/parser@^7.13.4", "@babel/parser@^7.13.9":
    version "7.13.9"
    resolved "http://npm.zhenguanyu.com/@babel/parser/download/@babel/parser-7.13.9.tgz#ca34cb95e1c2dd126863a84465ae8ef66114be99"
    integrity sha1-yjTLleHC3RJoY6hEZa6O9mEUvpk=
  
  "@babel/plugin-syntax-jsx@^7.12.13":
    version "7.12.13"
    resolved "http://npm.zhenguanyu.com/@babel/plugin-syntax-jsx/download/@babel/plugin-syntax-jsx-7.12.13.tgz#044fb81ebad6698fe62c478875575bcbb9b70f15"
    integrity sha1-BE+4HrrWaY/mLEeIdVdby7m3DxU=
    dependencies:
      "@babel/helper-plugin-utils" "^7.12.13"
  
  "@babel/plugin-transform-react-display-name@^7.12.13":
    version "7.12.13"
    resolved "http://npm.zhenguanyu.com/@babel/plugin-transform-react-display-name/download/@babel/plugin-transform-react-display-name-7.12.13.tgz#c28effd771b276f4647411c9733dbb2d2da954bd"
    integrity sha1-wo7/13GydvRkdBHJcz27LS2pVL0=
    dependencies:
      "@babel/helper-plugin-utils" "^7.12.13"
  
  "@babel/plugin-transform-react-jsx-development@^7.12.12":
    version "7.12.17"
    resolved "http://npm.zhenguanyu.com/@babel/plugin-transform-react-jsx-development/download/@babel/plugin-transform-react-jsx-development-7.12.17.tgz#f510c0fa7cd7234153539f9a362ced41a5ca1447"
    integrity sha1-9RDA+nzXI0FTU5+aNiztQaXKFEc=
    dependencies:
      "@babel/plugin-transform-react-jsx" "^7.12.17"
  
  "@babel/plugin-transform-react-jsx@^7.12.13", "@babel/plugin-transform-react-jsx@^7.12.17":
    version "7.12.17"
    resolved "http://npm.zhenguanyu.com/@babel/plugin-transform-react-jsx/download/@babel/plugin-transform-react-jsx-7.12.17.tgz#dd2c1299f5e26de584939892de3cfc1807a38f24"
    integrity sha1-3SwSmfXibeWEk5iS3jz8GAejjyQ=
    dependencies:
      "@babel/helper-annotate-as-pure" "^7.12.13"
      "@babel/helper-module-imports" "^7.12.13"
      "@babel/helper-plugin-utils" "^7.12.13"
      "@babel/plugin-syntax-jsx" "^7.12.13"
      "@babel/types" "^7.12.17"
  
  "@babel/plugin-transform-react-pure-annotations@^7.12.1":
    version "7.12.1"
    resolved "http://npm.zhenguanyu.com/@babel/plugin-transform-react-pure-annotations/download/@babel/plugin-transform-react-pure-annotations-7.12.1.tgz#05d46f0ab4d1339ac59adf20a1462c91b37a1a42"
    integrity sha1-BdRvCrTRM5rFmt8goUYskbN6GkI=
    dependencies:
      "@babel/helper-annotate-as-pure" "^7.10.4"
      "@babel/helper-plugin-utils" "^7.10.4"
  
  "@babel/plugin-transform-template-literals@^7.13.0":
    version "7.13.0"
    resolved "http://npm.zhenguanyu.com/@babel/plugin-transform-template-literals/download/@babel/plugin-transform-template-literals-7.13.0.tgz#a36049127977ad94438dee7443598d1cefdf409d"
    integrity sha1-o2BJEnl3rZRDje50Q1mNHO/fQJ0=
    dependencies:
      "@babel/helper-plugin-utils" "^7.13.0"
  
  "@babel/preset-react@^7.12.13":
    version "7.12.13"
    resolved "http://npm.zhenguanyu.com/@babel/preset-react/download/@babel/preset-react-7.12.13.tgz#5f911b2eb24277fa686820d5bd81cad9a0602a0a"
    integrity sha1-X5EbLrJCd/poaCDVvYHK2aBgKgo=
    dependencies:
      "@babel/helper-plugin-utils" "^7.12.13"
      "@babel/plugin-transform-react-display-name" "^7.12.13"
      "@babel/plugin-transform-react-jsx" "^7.12.13"
      "@babel/plugin-transform-react-jsx-development" "^7.12.12"
      "@babel/plugin-transform-react-pure-annotations" "^7.12.1"
  
  "@babel/template@^7.12.13":
    version "7.12.13"
    resolved "http://npm.zhenguanyu.com/@babel/template/download/@babel/template-7.12.13.tgz#530265be8a2589dbb37523844c5bcb55947fb327"
    integrity sha1-UwJlvooliduzdSOETFvLVZR/syc=
    dependencies:
      "@babel/code-frame" "^7.12.13"
      "@babel/parser" "^7.12.13"
      "@babel/types" "^7.12.13"
  
  "@babel/traverse@^7.13.0":
    version "7.13.0"
    resolved "http://npm.zhenguanyu.com/@babel/traverse/download/@babel/traverse-7.13.0.tgz#6d95752475f86ee7ded06536de309a65fc8966cc"
    integrity sha1-bZV1JHX4bufe0GU23jCaZfyJZsw=
    dependencies:
      "@babel/code-frame" "^7.12.13"
      "@babel/generator" "^7.13.0"
      "@babel/helper-function-name" "^7.12.13"
      "@babel/helper-split-export-declaration" "^7.12.13"
      "@babel/parser" "^7.13.0"
      "@babel/types" "^7.13.0"
      debug "^4.1.0"
      globals "^11.1.0"
      lodash "^4.17.19"
  
  "@babel/types@^7.12.13", "@babel/types@^7.12.17", "@babel/types@^7.13.0":
    version "7.13.0"
    resolved "http://npm.zhenguanyu.com/@babel/types/download/@babel/types-7.13.0.tgz#74424d2816f0171b4100f0ab34e9a374efdf7f80"
    integrity sha1-dEJNKBbwFxtBAPCrNOmjdO/ff4A=
    dependencies:
      "@babel/helper-validator-identifier" "^7.12.11"
      lodash "^4.17.19"
      to-fast-properties "^2.0.0"
  
  ansi-styles@^3.2.1:
    version "3.2.1"
    resolved "http://npm.zhenguanyu.com/ansi-styles/download/ansi-styles-3.2.1.tgz#41fbb20243e50b12be0f04b8dedbf07520ce841d"
    integrity sha1-QfuyAkPlCxK+DwS43tvwdSDOhB0=
    dependencies:
      color-convert "^1.9.0"
  
  browserslist@^4.14.5:
    version "4.16.3"
    resolved "http://npm.zhenguanyu.com/browserslist/download/browserslist-4.16.3.tgz#340aa46940d7db878748567c5dea24a48ddf3717"
    integrity sha1-NAqkaUDX24eHSFZ8XeokpI3fNxc=
    dependencies:
      caniuse-lite "^1.0.30001181"
      colorette "^1.2.1"
      electron-to-chromium "^1.3.649"
      escalade "^3.1.1"
      node-releases "^1.1.70"
  
  caniuse-lite@^1.0.30001181:
    version "1.0.30001196"
    resolved "http://npm.zhenguanyu.com/caniuse-lite/download/caniuse-lite-1.0.30001196.tgz#00518a2044b1abf3e0df31fadbe5ed90b63f4e64"
    integrity sha1-AFGKIESxq/Pg3zH62+XtkLY/TmQ=
  
  chalk@^2.0.0:
    version "2.4.2"
    resolved "http://npm.zhenguanyu.com/chalk/download/chalk-2.4.2.tgz#cd42541677a54333cf541a49108c1432b44c9424"
    integrity sha1-zUJUFnelQzPPVBpJEIwUMrRMlCQ=
    dependencies:
      ansi-styles "^3.2.1"
      escape-string-regexp "^1.0.5"
      supports-color "^5.3.0"
  
  color-convert@^1.9.0:
    version "1.9.3"
    resolved "http://npm.zhenguanyu.com/color-convert/download/color-convert-1.9.3.tgz#bb71850690e1f136567de629d2d5471deda4c1e8"
    integrity sha1-u3GFBpDh8TZWfeYp0tVHHe2kweg=
    dependencies:
      color-name "1.1.3"
  
  color-name@1.1.3:
    version "1.1.3"
    resolved "http://npm.zhenguanyu.com/color-name/download/color-name-1.1.3.tgz#a7d0558bd89c42f795dd42328f740831ca53bc25"
    integrity sha1-p9BVi9icQveV3UIyj3QIMcpTvCU=
  
  colorette@^1.2.1:
    version "1.2.2"
    resolved "http://npm.zhenguanyu.com/colorette/download/colorette-1.2.2.tgz#cbcc79d5e99caea2dbf10eb3a26fd8b3e6acfa94"
    integrity sha1-y8x51emcrqLb8Q6zom/Ys+as+pQ=
  
  convert-source-map@^1.7.0:
    version "1.7.0"
    resolved "http://npm.zhenguanyu.com/convert-source-map/download/convert-source-map-1.7.0.tgz#17a2cb882d7f77d3490585e2ce6c524424a3a442"
    integrity sha1-F6LLiC1/d9NJBYXizmxSRCSjpEI=
    dependencies:
      safe-buffer "~5.1.1"
  
  debug@^4.1.0:
    version "4.3.1"
    resolved "http://npm.zhenguanyu.com/debug/download/debug-4.3.1.tgz#f0d229c505e0c6d8c49ac553d1b13dc183f6b2ee"
    integrity sha1-8NIpxQXgxtjEmsVT0bE9wYP2su4=
    dependencies:
      ms "2.1.2"
  
  electron-to-chromium@^1.3.649:
    version "1.3.682"
    resolved "http://npm.zhenguanyu.com/electron-to-chromium/download/electron-to-chromium-1.3.682.tgz#f4b5c8d4479df96b61e508a721d6c32c1262ef23"
    integrity sha1-9LXI1Eed+Wth5QinIdbDLBJi7yM=
  
  escalade@^3.1.1:
    version "3.1.1"
    resolved "http://npm.zhenguanyu.com/escalade/download/escalade-3.1.1.tgz#d8cfdc7000965c5a0174b4a82eaa5c0552742e40"
    integrity sha1-2M/ccACWXFoBdLSoLqpcBVJ0LkA=
  
  escape-string-regexp@^1.0.5:
    version "1.0.5"
    resolved "http://npm.zhenguanyu.com/escape-string-regexp/download/escape-string-regexp-1.0.5.tgz#1b61c0562190a8dff6ae3bb2cf0200ca130b86d4"
    integrity sha1-G2HAViGQqN/2rjuyzwIAyhMLhtQ=
  
  gensync@^1.0.0-beta.2:
    version "1.0.0-beta.2"
    resolved "http://npm.zhenguanyu.com/gensync/download/gensync-1.0.0-beta.2.tgz#32a6ee76c3d7f52d46b2b1ae5d93fea8580a25e0"
    integrity sha1-MqbudsPX9S1GsrGuXZP+qFgKJeA=
  
  globals@^11.1.0:
    version "11.12.0"
    resolved "http://npm.zhenguanyu.com/globals/download/globals-11.12.0.tgz#ab8795338868a0babd8525758018c2a7eb95c42e"
    integrity sha1-q4eVM4hooLq9hSV1gBjCp+uVxC4=
  
  has-flag@^3.0.0:
    version "3.0.0"
    resolved "http://npm.zhenguanyu.com/has-flag/download/has-flag-3.0.0.tgz#b5d454dc2199ae225699f3467e5a07f3b955bafd"
    integrity sha1-tdRU3CGZriJWmfNGfloH87lVuv0=
  
  "js-tokens@^3.0.0 || ^4.0.0", js-tokens@^4.0.0:
    version "4.0.0"
    resolved "http://npm.zhenguanyu.com/js-tokens/download/js-tokens-4.0.0.tgz#19203fb59991df98e3a287050d4647cdeaf32499"
    integrity sha1-GSA/tZmR35jjoocFDUZHzerzJJk=
  
  jsesc@^2.5.1:
    version "2.5.2"
    resolved "http://npm.zhenguanyu.com/jsesc/download/jsesc-2.5.2.tgz#80564d2e483dacf6e8ef209650a67df3f0c283a4"
    integrity sha1-gFZNLkg9rPbo7yCWUKZ98/DCg6Q=
  
  json5@^2.1.2:
    version "2.2.0"
    resolved "http://npm.zhenguanyu.com/json5/download/json5-2.2.0.tgz#2dfefe720c6ba525d9ebd909950f0515316c89a3"
    integrity sha1-Lf7+cgxrpSXZ69kJlQ8FFTFsiaM=
    dependencies:
      minimist "^1.2.5"
  
  lodash@^4.17.19:
    version "4.17.21"
    resolved "http://npm.zhenguanyu.com/lodash/download/lodash-4.17.21.tgz#679591c564c3bffaae8454cf0b3df370c3d6911c"
    integrity sha1-Z5WRxWTDv/quhFTPCz3zcMPWkRw=
  
  loose-envify@^1.1.0:
    version "1.4.0"
    resolved "http://npm.zhenguanyu.com/loose-envify/download/loose-envify-1.4.0.tgz#71ee51fa7be4caec1a63839f7e682d8132d30caf"
    integrity sha1-ce5R+nvkyuwaY4OffmgtgTLTDK8=
    dependencies:
      js-tokens "^3.0.0 || ^4.0.0"
  
  minimist@^1.2.5:
    version "1.2.5"
    resolved "http://npm.zhenguanyu.com/minimist/download/minimist-1.2.5.tgz#67d66014b66a6a8aaa0c083c5fd58df4e4e97602"
    integrity sha1-Z9ZgFLZqaoqqDAg8X9WN9OTpdgI=
  
  ms@2.1.2:
    version "2.1.2"
    resolved "http://npm.zhenguanyu.com/ms/download/ms-2.1.2.tgz#d09d1f357b443f493382a8eb3ccd183872ae6009"
    integrity sha1-0J0fNXtEP0kzgqjrPM0YOHKuYAk=
  
  node-releases@^1.1.70:
    version "1.1.71"
    resolved "http://npm.zhenguanyu.com/node-releases/download/node-releases-1.1.71.tgz#cb1334b179896b1c89ecfdd4b725fb7bbdfc7dbb"
    integrity sha1-yxM0sXmJaxyJ7P3UtyX7e738fbs=
  
  object-assign@^4.1.1:
    version "4.1.1"
    resolved "http://npm.zhenguanyu.com/object-assign/download/object-assign-4.1.1.tgz#2109adc7965887cfc05cbbd442cac8bfbb360863"
    integrity sha1-IQmtx5ZYh8/AXLvUQsrIv7s2CGM=
  
  react-dom@^17.0.1:
    version "17.0.1"
    resolved "http://npm.zhenguanyu.com/react-dom/download/react-dom-17.0.1.tgz#1de2560474ec9f0e334285662ede52dbc5426fc6"
    integrity sha1-HeJWBHTsnw4zQoVmLt5S28VCb8Y=
    dependencies:
      loose-envify "^1.1.0"
      object-assign "^4.1.1"
      scheduler "^0.20.1"
  
  react@^17.0.1:
    version "17.0.1"
    resolved "http://npm.zhenguanyu.com/react/download/react-17.0.1.tgz#6e0600416bd57574e3f86d92edba3d9008726127"
    integrity sha1-bgYAQWvVdXTj+G2S7bo9kAhyYSc=
    dependencies:
      loose-envify "^1.1.0"
      object-assign "^4.1.1"
  
  safe-buffer@~5.1.1:
    version "5.1.2"
    resolved "http://npm.zhenguanyu.com/safe-buffer/download/safe-buffer-5.1.2.tgz#991ec69d296e0313747d59bdfd2b745c35f8828d"
    integrity sha1-mR7GnSluAxN0fVm9/St0XDX4go0=
  
  scheduler@^0.20.1:
    version "0.20.1"
    resolved "http://npm.zhenguanyu.com/scheduler/download/scheduler-0.20.1.tgz#da0b907e24026b01181ecbc75efdc7f27b5a000c"
    integrity sha1-2guQfiQCawEYHsvHXv3H8ntaAAw=
    dependencies:
      loose-envify "^1.1.0"
      object-assign "^4.1.1"
  
  semver@^6.3.0:
    version "6.3.0"
    resolved "http://npm.zhenguanyu.com/semver/download/semver-6.3.0.tgz#ee0a64c8af5e8ceea67687b133761e1becbd1d3d"
    integrity sha1-7gpkyK9ejO6mdoexM3YeG+y9HT0=
  
  source-map@^0.5.0:
    version "0.5.7"
    resolved "http://npm.zhenguanyu.com/source-map/download/source-map-0.5.7.tgz#8a039d2d1021d22d1ea14c80d8ea468ba2ef3fcc"
    integrity sha1-igOdLRAh0i0eoUyA2OpGi6LvP8w=
  
  supports-color@^5.3.0:
    version "5.5.0"
    resolved "http://npm.zhenguanyu.com/supports-color/download/supports-color-5.5.0.tgz#e2e69a44ac8772f78a1ec0b35b689df6530efc8f"
    integrity sha1-4uaaRKyHcveKHsCzW2id9lMO/I8=
    dependencies:
      has-flag "^3.0.0"
  
  tapable@^2.2.0:
    version "2.2.0"
    resolved "http://npm.zhenguanyu.com/tapable/download/tapable-2.2.0.tgz#5c373d281d9c672848213d0e037d1c4165ab426b"
    integrity sha1-XDc9KB2cZyhIIT0OA30cQWWrQms=
  
  to-fast-properties@^2.0.0:
    version "2.0.0"
    resolved "http://npm.zhenguanyu.com/to-fast-properties/download/to-fast-properties-2.0.0.tgz#dc5e698cbd079265bc73e0377681a4e4e83f616e"
    integrity sha1-3F5pjL0HkmW8c+A3doGk5Og/YW4=
  
  typescript@^4.2.3:
    version "4.2.3"
    resolved "http://npm.zhenguanyu.com/typescript/download/typescript-4.2.3.tgz#39062d8019912d43726298f09493d598048c1ce3"
    integrity sha1-OQYtgBmRLUNyYpjwlJPVmASMHOM=
